[debug] [2022-04-05T12:38:14.351Z] ----------------------------------------------------------------------
[debug] [2022-04-05T12:38:14.352Z] Command:       C:\Program Files\nodejs\node.exe C:\Users\aknr1\AppData\Roaming\npm\node_modules\firebase-tools\lib\bin\firebase.js emulators:start --import=./data
[debug] [2022-04-05T12:38:14.353Z] CLI Version:   10.0.1
[debug] [2022-04-05T12:38:14.353Z] Platform:      win32
[debug] [2022-04-05T12:38:14.353Z] Node Version:  v16.13.1
[debug] [2022-04-05T12:38:14.354Z] Time:          Tue Apr 05 2022 21:38:14 GMT+0900 (Japan Standard Time)
[debug] [2022-04-05T12:38:14.354Z] ----------------------------------------------------------------------
[debug] 
[debug] [2022-04-05T12:38:14.405Z] > command requires scopes: ["email","openid","https://www.googleapis.com/auth/cloudplatformprojects.readonly","https://www.googleapis.com/auth/firebase","https://www.googleapis.com/auth/cloud-platform"]
[debug] [2022-04-05T12:38:14.405Z] > authorizing via signed-in user (aki10.working@gmail.com)
[info] i  emulators: Starting emulators: auth, functions, firestore, storage {"metadata":{"emulator":{"name":"hub"},"message":"Starting emulators: auth, functions, firestore, storage"}}
[debug] [2022-04-05T12:38:14.426Z] [hub] writing locator at C:\Users\aknr1\AppData\Local\Temp\hub-my-react-project-db288.json
[warn] !  functions: The following emulators are not running, calls to these services from the Functions emulator will affect production: database, hosting, pubsub {"metadata":{"emulator":{"name":"functions"},"message":"The following emulators are not running, calls to these services from the Functions emulator will affect production: \u001b[1mdatabase, hosting, pubsub\u001b[22m"}}
[info] +  functions: Using node@16 from host. {"metadata":{"emulator":{"name":"functions"},"message":"Using node@16 from host."}}
[debug] [2022-04-05T12:38:14.468Z] defaultcredentials: writing to file C:\Users\aknr1\AppData\Roaming\firebase\aki10_working_gmail.com_application_default_credentials.json
[debug] [2022-04-05T12:38:14.470Z] Setting GAC to C:\Users\aknr1\AppData\Roaming\firebase\aki10_working_gmail.com_application_default_credentials.json {"metadata":{"emulator":{"name":"functions"},"message":"Setting GAC to C:\\Users\\aknr1\\AppData\\Roaming\\firebase\\aki10_working_gmail.com_application_default_credentials.json"}}
[debug] [2022-04-05T12:38:14.472Z] >>> [apiv2][query] GET https://firebase.googleapis.com/v1beta1/projects/my-react-project-db288/adminSdkConfig [none]
[debug] [2022-04-05T12:38:14.908Z] <<< [apiv2][status] GET https://firebase.googleapis.com/v1beta1/projects/my-react-project-db288/adminSdkConfig 200
[debug] [2022-04-05T12:38:14.909Z] <<< [apiv2][body] GET https://firebase.googleapis.com/v1beta1/projects/my-react-project-db288/adminSdkConfig {"projectId":"my-react-project-db288","storageBucket":"my-react-project-db288.appspot.com","locationId":"asia-northeast1"}
[info] i  firestore: Importing data from C:\Users\aknr1\MyApps\drone-clip\data\firestore_export\firestore_export.overall_export_metadata {"metadata":{"emulator":{"name":"firestore"},"message":"Importing data from C:\\Users\\aknr1\\MyApps\\drone-clip\\data\\firestore_export\\firestore_export.overall_export_metadata"}}
[debug] [2022-04-05T12:38:14.922Z] Ignoring unsupported arg: projectId {"metadata":{"emulator":{"name":"firestore"},"message":"Ignoring unsupported arg: projectId"}}
[debug] [2022-04-05T12:38:14.922Z] Ignoring unsupported arg: auto_download {"metadata":{"emulator":{"name":"firestore"},"message":"Ignoring unsupported arg: auto_download"}}
[debug] [2022-04-05T12:38:14.922Z] Starting Firestore Emulator with command {"binary":"java","args":["-Dgoogle.cloud_firestore.debug_log_level=FINE","-Duser.language=en","-jar","C:\\Users\\aknr1\\.cache\\firebase\\emulators\\cloud-firestore-emulator-v1.13.1.jar","--host","localhost","--port",8080,"--seed_from_export","C:\\Users\\aknr1\\MyApps\\drone-clip\\data\\firestore_export\\firestore_export.overall_export_metadata","--rules","C:\\Users\\aknr1\\MyApps\\drone-clip\\firestore.rules","--functions_emulator","localhost:5001"],"optionalArgs":["port","webchannel_port","host","rules","functions_emulator","seed_from_export"],"joinArgs":false} {"metadata":{"emulator":{"name":"firestore"},"message":"Starting Firestore Emulator with command {\"binary\":\"java\",\"args\":[\"-Dgoogle.cloud_firestore.debug_log_level=FINE\",\"-Duser.language=en\",\"-jar\",\"C:\\\\Users\\\\aknr1\\\\.cache\\\\firebase\\\\emulators\\\\cloud-firestore-emulator-v1.13.1.jar\",\"--host\",\"localhost\",\"--port\",8080,\"--seed_from_export\",\"C:\\\\Users\\\\aknr1\\\\MyApps\\\\drone-clip\\\\data\\\\firestore_export\\\\firestore_export.overall_export_metadata\",\"--rules\",\"C:\\\\Users\\\\aknr1\\\\MyApps\\\\drone-clip\\\\firestore.rules\",\"--functions_emulator\",\"localhost:5001\"],\"optionalArgs\":[\"port\",\"webchannel_port\",\"host\",\"rules\",\"functions_emulator\",\"seed_from_export\"],\"joinArgs\":false}"}}
[info] i  firestore: Firestore Emulator logging to firestore-debug.log {"metadata":{"emulator":{"name":"firestore"},"message":"Firestore Emulator logging to \u001b[1mfirestore-debug.log\u001b[22m"}}
[debug] [2022-04-05T12:38:16.615Z] Apr 05, 2022 9:38:16 PM com.google.cloud.datastore.emulator.firestore.websocket.WebSocketServer start
INFO: Started WebSocket server on ws://localhost:50071
 {"metadata":{"emulator":{"name":"firestore"},"message":"Apr 05, 2022 9:38:16 PM com.google.cloud.datastore.emulator.firestore.websocket.WebSocketServer start\r\nINFO: Started WebSocket server on ws://localhost:50071\r\n"}}
[debug] [2022-04-05T12:38:16.664Z] API endpoint: http://localhost: {"metadata":{"emulator":{"name":"firestore"},"message":"API endpoint: http://localhost:"}}
[debug] [2022-04-05T12:38:16.665Z] 8080
If you are using a library that supports the FIRESTORE_EMULATOR_HOST environment variable, run:

   export FIRESTORE_EMULATOR_HOST=localhost:8080

Dev App Server is now running.

 {"metadata":{"emulator":{"name":"firestore"},"message":"8080\nIf you are using a library that supports the FIRESTORE_EMULATOR_HOST environment variable, run:\r\n\n   export FIRESTORE_EMULATOR_HOST=localhost:8080\n\nDev App Server is now running.\n\r\n"}}
[info] i  auth: Importing config from C:\Users\aknr1\MyApps\drone-clip\data\auth_export\config.json {"metadata":{"emulator":{"name":"database"},"message":"Importing config from C:\\Users\\aknr1\\MyApps\\drone-clip\\data\\auth_export\\config.json"}}
[info] i  auth: Importing accounts from C:\Users\aknr1\MyApps\drone-clip\data\auth_export\accounts.json {"metadata":{"emulator":{"name":"database"},"message":"Importing accounts from C:\\Users\\aknr1\\MyApps\\drone-clip\\data\\auth_export\\accounts.json"}}
[debug] [2022-04-05T12:38:18.989Z] Ignoring unsupported arg: port {"metadata":{"emulator":{"name":"storage"},"message":"Ignoring unsupported arg: port"}}
[debug] [2022-04-05T12:38:19.222Z] Temp file directory for storage emulator: C:\Users\aknr1\AppData\Local\Temp/firebase/storage/blobs {"metadata":{"emulator":{"name":"storage"},"message":"Temp file directory for storage emulator: C:\\Users\\aknr1\\AppData\\Local\\Temp/firebase/storage/blobs"}}
[debug] [2022-04-05T12:38:20.268Z] Ignoring unsupported arg: auto_download {"metadata":{"emulator":{"name":"ui"},"message":"Ignoring unsupported arg: auto_download"}}
[debug] [2022-04-05T12:38:20.268Z] Ignoring unsupported arg: port {"metadata":{"emulator":{"name":"ui"},"message":"Ignoring unsupported arg: port"}}
[debug] [2022-04-05T12:38:20.268Z] Starting Emulator UI with command {"binary":"node","args":["C:\\Users\\aknr1\\.cache\\firebase\\emulators\\ui-v1.6.4\\server.bundle.js"],"optionalArgs":[],"joinArgs":false} {"metadata":{"emulator":{"name":"ui"},"message":"Starting Emulator UI with command {\"binary\":\"node\",\"args\":[\"C:\\\\Users\\\\aknr1\\\\.cache\\\\firebase\\\\emulators\\\\ui-v1.6.4\\\\server.bundle.js\"],\"optionalArgs\":[],\"joinArgs\":false}"}}
[info] i  ui: Emulator UI logging to ui-debug.log {"metadata":{"emulator":{"name":"ui"},"message":"Emulator UI logging to \u001b[1mui-debug.log\u001b[22m"}}
[debug] [2022-04-05T12:38:20.382Z] Web / API server started at localhost:4000
 {"metadata":{"emulator":{"name":"ui"},"message":"Web / API server started at localhost:4000\n"}}
[info] i  functions: Watching "C:\Users\aknr1\MyApps\drone-clip\functions" for Cloud Functions... {"metadata":{"emulator":{"name":"functions"},"message":"Watching \"C:\\Users\\aknr1\\MyApps\\drone-clip\\functions\" for Cloud Functions..."}}
[debug] [2022-04-05T12:38:20.554Z] [worker-pool] addWorker(~diagnostic~) {"metadata":{"emulator":{"name":"functions"},"message":"[worker-pool] addWorker(~diagnostic~)"}}
[debug] [2022-04-05T12:38:20.554Z] [worker-pool] Adding worker with key ~diagnostic~, total=1 {"metadata":{"emulator":{"name":"functions"},"message":"[worker-pool] Adding worker with key ~diagnostic~, total=1"}}
[debug] [2022-04-05T12:38:20.554Z] [worker-pool] submitWork(triggerId=) {"metadata":{"emulator":{"name":"functions"},"message":"[worker-pool] submitWork(triggerId=)"}}
[debug] [2022-04-05T12:38:20.554Z] [worker-~diagnostic~-681489a3-2363-4f2b-b0eb-f91dbb47820a]: Assigning socketPath: \\?\pipe\C:\Users\aknr1\MyApps\drone-clip\functions\18284 {"metadata":{"emulator":{"name":"functions"},"message":"[worker-~diagnostic~-681489a3-2363-4f2b-b0eb-f91dbb47820a]: Assigning socketPath: \\\\?\\pipe\\C:\\Users\\aknr1\\MyApps\\drone-clip\\functions\\18284"}}
[debug] [2022-04-05T12:38:20.555Z] [worker-~diagnostic~-681489a3-2363-4f2b-b0eb-f91dbb47820a]: BUSY {"metadata":{"emulator":{"name":"functions"},"message":"[worker-~diagnostic~-681489a3-2363-4f2b-b0eb-f91dbb47820a]: BUSY"}}
[debug] [2022-04-05T12:38:20.745Z] [runtime-status] [18284] Functions runtime initialized. {"cwd":"C:\\Users\\aknr1\\MyApps\\drone-clip\\functions","node_version":"16.13.1"} {"metadata":{"emulator":{"name":"functions"},"message":"[runtime-status] [18284] Functions runtime initialized. {\"cwd\":\"C:\\\\Users\\\\aknr1\\\\MyApps\\\\drone-clip\\\\functions\",\"node_version\":\"16.13.1\"}"}}
[debug] [2022-04-05T12:38:20.746Z] [runtime-status] [18284] Disabled runtime features: undefined {"metadata":{"emulator":{"name":"functions"},"message":"[runtime-status] [18284] Disabled runtime features: undefined"}}
[debug] [2022-04-05T12:38:20.749Z] [runtime-status] [18284] Resolved module firebase-admin {"declared":true,"installed":true,"version":"9.12.0","resolution":"C:\\Users\\aknr1\\MyApps\\drone-clip\\functions\\node_modules\\firebase-admin\\lib\\index.js"} {"metadata":{"emulator":{"name":"functions"},"message":"[runtime-status] [18284] Resolved module firebase-admin {\"declared\":true,\"installed\":true,\"version\":\"9.12.0\",\"resolution\":\"C:\\\\Users\\\\aknr1\\\\MyApps\\\\drone-clip\\\\functions\\\\node_modules\\\\firebase-admin\\\\lib\\\\index.js\"}"}}
[debug] [2022-04-05T12:38:20.753Z] [runtime-status] [18284] Resolved module firebase-functions {"declared":true,"installed":true,"version":"3.18.0","resolution":"C:\\Users\\aknr1\\MyApps\\drone-clip\\functions\\node_modules\\firebase-functions\\lib\\index.js"} {"metadata":{"emulator":{"name":"functions"},"message":"[runtime-status] [18284] Resolved module firebase-functions {\"declared\":true,\"installed\":true,\"version\":\"3.18.0\",\"resolution\":\"C:\\\\Users\\\\aknr1\\\\MyApps\\\\drone-clip\\\\functions\\\\node_modules\\\\firebase-functions\\\\lib\\\\index.js\"}"}}
[debug] [2022-04-05T12:38:20.754Z] [runtime-status] [18284] Outgoing network have been stubbed. [{"name":"http","status":"mocked"},{"name":"http","status":"mocked"},{"name":"https","status":"mocked"},{"name":"https","status":"mocked"},{"name":"net","status":"mocked"}] {"metadata":{"emulator":{"name":"functions"},"message":"[runtime-status] [18284] Outgoing network have been stubbed. [{\"name\":\"http\",\"status\":\"mocked\"},{\"name\":\"http\",\"status\":\"mocked\"},{\"name\":\"https\",\"status\":\"mocked\"},{\"name\":\"https\",\"status\":\"mocked\"},{\"name\":\"net\",\"status\":\"mocked\"}]"}}
[debug] [2022-04-05T12:38:20.755Z] [runtime-status] [18284] Resolved module firebase-functions {"declared":true,"installed":true,"version":"3.18.0","resolution":"C:\\Users\\aknr1\\MyApps\\drone-clip\\functions\\node_modules\\firebase-functions\\lib\\index.js"} {"metadata":{"emulator":{"name":"functions"},"message":"[runtime-status] [18284] Resolved module firebase-functions {\"declared\":true,\"installed\":true,\"version\":\"3.18.0\",\"resolution\":\"C:\\\\Users\\\\aknr1\\\\MyApps\\\\drone-clip\\\\functions\\\\node_modules\\\\firebase-functions\\\\lib\\\\index.js\"}"}}
[debug] [2022-04-05T12:38:20.833Z] [runtime-status] [18284] Checked functions.config() {"config":{}} {"metadata":{"emulator":{"name":"functions"},"message":"[runtime-status] [18284] Checked functions.config() {\"config\":{}}"}}
[debug] [2022-04-05T12:38:20.834Z] [runtime-status] [18284] firebase-functions has been stubbed. {"functionsResolution":{"declared":true,"installed":true,"version":"3.18.0","resolution":"C:\\Users\\aknr1\\MyApps\\drone-clip\\functions\\node_modules\\firebase-functions\\lib\\index.js"}} {"metadata":{"emulator":{"name":"functions"},"message":"[runtime-status] [18284] firebase-functions has been stubbed. {\"functionsResolution\":{\"declared\":true,\"installed\":true,\"version\":\"3.18.0\",\"resolution\":\"C:\\\\Users\\\\aknr1\\\\MyApps\\\\drone-clip\\\\functions\\\\node_modules\\\\firebase-functions\\\\lib\\\\index.js\"}}"}}
[debug] [2022-04-05T12:38:20.834Z] [runtime-status] [18284] Resolved module firebase-functions {"declared":true,"installed":true,"version":"3.18.0","resolution":"C:\\Users\\aknr1\\MyApps\\drone-clip\\functions\\node_modules\\firebase-functions\\lib\\index.js"} {"metadata":{"emulator":{"name":"functions"},"message":"[runtime-status] [18284] Resolved module firebase-functions {\"declared\":true,\"installed\":true,\"version\":\"3.18.0\",\"resolution\":\"C:\\\\Users\\\\aknr1\\\\MyApps\\\\drone-clip\\\\functions\\\\node_modules\\\\firebase-functions\\\\lib\\\\index.js\"}"}}
[debug] [2022-04-05T12:38:20.836Z] [runtime-status] [18284] Resolved module firebase-admin {"declared":true,"installed":true,"version":"9.12.0","resolution":"C:\\Users\\aknr1\\MyApps\\drone-clip\\functions\\node_modules\\firebase-admin\\lib\\index.js"} {"metadata":{"emulator":{"name":"functions"},"message":"[runtime-status] [18284] Resolved module firebase-admin {\"declared\":true,\"installed\":true,\"version\":\"9.12.0\",\"resolution\":\"C:\\\\Users\\\\aknr1\\\\MyApps\\\\drone-clip\\\\functions\\\\node_modules\\\\firebase-admin\\\\lib\\\\index.js\"}"}}
[debug] [2022-04-05T12:38:20.837Z] [runtime-status] [18284] Resolved module firebase-functions {"declared":true,"installed":true,"version":"3.18.0","resolution":"C:\\Users\\aknr1\\MyApps\\drone-clip\\functions\\node_modules\\firebase-functions\\lib\\index.js"} {"metadata":{"emulator":{"name":"functions"},"message":"[runtime-status] [18284] Resolved module firebase-functions {\"declared\":true,\"installed\":true,\"version\":\"3.18.0\",\"resolution\":\"C:\\\\Users\\\\aknr1\\\\MyApps\\\\drone-clip\\\\functions\\\\node_modules\\\\firebase-functions\\\\lib\\\\index.js\"}"}}
[debug] [2022-04-05T12:38:20.837Z] [runtime-status] [18284] firebase-admin has been stubbed. {"adminResolution":{"declared":true,"installed":true,"version":"9.12.0","resolution":"C:\\Users\\aknr1\\MyApps\\drone-clip\\functions\\node_modules\\firebase-admin\\lib\\index.js"}} {"metadata":{"emulator":{"name":"functions"},"message":"[runtime-status] [18284] firebase-admin has been stubbed. {\"adminResolution\":{\"declared\":true,\"installed\":true,\"version\":\"9.12.0\",\"resolution\":\"C:\\\\Users\\\\aknr1\\\\MyApps\\\\drone-clip\\\\functions\\\\node_modules\\\\firebase-admin\\\\lib\\\\index.js\"}}"}}
[info] +  functions[us-central1-helloWorld]: http function initialized (http://localhost:5001/my-react-project-db288/us-central1/helloWorld). {"metadata":{"emulator":{"name":"functions"},"message":"\u001b[1mhttp\u001b[22m function initialized (http://localhost:5001/my-react-project-db288/us-central1/helloWorld)."}}
[info] 
┌─────────────────────────────────────────────────────────────┐
│ ✔  All emulators ready! It is now safe to connect your app. │
│ i  View Emulator UI at http://localhost:4000                │
└─────────────────────────────────────────────────────────────┘

┌────────────────┬────────────────┬─────────────────────────────────┐
│ Emulator       │ Host:Port      │ View in Emulator UI             │
├────────────────┼────────────────┼─────────────────────────────────┤
│ Authentication │ localhost:9099 │ http://localhost:4000/auth      │
├────────────────┼────────────────┼─────────────────────────────────┤
│ Functions      │ localhost:5001 │ http://localhost:4000/functions │
├────────────────┼────────────────┼─────────────────────────────────┤
│ Firestore      │ localhost:8080 │ http://localhost:4000/firestore │
├────────────────┼────────────────┼─────────────────────────────────┤
│ Storage        │ localhost:9199 │ http://localhost:4000/storage   │
└────────────────┴────────────────┴─────────────────────────────────┘
  Emulator Hub running at localhost:4400
  Other reserved ports: 4500

Issues? Report them at https://github.com/firebase/firebase-tools/issues and attach the *-debug.log files.
 
[debug] [2022-04-05T12:38:20.848Z] [worker-~diagnostic~-681489a3-2363-4f2b-b0eb-f91dbb47820a]: IDLE {"metadata":{"emulator":{"name":"functions"},"message":"[worker-~diagnostic~-681489a3-2363-4f2b-b0eb-f91dbb47820a]: IDLE"}}
